# JRE version: Java(TM) SE Runtime Environment (8.0_191-b12) (build 1.8.0_191-b12)
# Java VM: Java HotSpot(TM) Client VM (25.191-b12 mixed mode windows-x86 )
Heap:
 def new generation   total 157248K, used 157247K [0x05a00000, 0x104a0000, 0x104a0000)
  eden space 139776K, 100% used [0x05a00000, 0x0e280000, 0x0e280000)
  from space 17472K,  99% used [0x0e280000, 0x0f38ff70, 0x0f390000)
  to   space 17472K,   0% used [0x0f390000, 0x0f390000, 0x104a0000)
 tenured generation   total 349568K, used 349567K [0x104a0000, 0x25a00000, 0x25a00000)
   the space 349568K,  99% used [0x104a0000, 0x259ffff8, 0x25a00000, 0x25a00000)
 Metaspace       used 27510K, capacity 28115K, committed 28288K, reserved 29056K
GC Heap History (10 events):
Event: 292517.234 GC heap before
{Heap before GC invocations=4173 (full 519):
 def new generation   total 157248K, used 157247K [0x05a00000, 0x104a0000, 0x104a0000)
  eden space 139776K,  99% used [0x05a00000, 0x0e27ffc0, 0x0e280000)
  from space 17472K,  99% used [0x0e280000, 0x0f38ffe0, 0x0f390000)
  to   space 17472K,   0% used [0x0f390000, 0x0f390000, 0x104a0000)
 tenured generation   total 349568K, used 349567K [0x104a0000, 0x25a00000, 0x25a00000)
   the space 349568K,  99% used [0x104a0000, 0x259ffff8, 0x25a00000, 0x25a00000)
 Metaspace       used 27510K, capacity 28115K, committed 28288K, reserved 29056K
Event: 292517.666 GC heap after
Heap after GC invocations=4174 (full 520):
 def new generation   total 157248K, used 157245K [0x05a00000, 0x104a0000, 0x104a0000)
  eden space 139776K,  99% used [0x05a00000, 0x0e27feb0, 0x0e280000)
  from space 17472K,  99% used [0x0e280000, 0x0f38f760, 0x0f390000)
  to   space 17472K,   0% used [0x0f390000, 0x0f390000, 0x104a0000)
 tenured generation   total 349568K, used 349567K [0x104a0000, 0x25a00000, 0x25a00000)
   the space 349568K,  99% used [0x104a0000, 0x259ffff8, 0x25a00000, 0x25a00000)
 Metaspace       used 27510K, capacity 28115K, committed 28288K, reserved 29056K
}
Event: 292517.666 GC heap before
{Heap before GC invocations=4174 (full 520):
 def new generation   total 157248K, used 157247K [0x05a00000, 0x104a0000, 0x104a0000)
  eden space 139776K,  99% used [0x05a00000, 0x0e27ffc0, 0x0e280000)
  from space 17472K,  99% used [0x0e280000, 0x0f38ffe0, 0x0f390000)
  to   space 17472K,   0% used [0x0f390000, 0x0f390000, 0x104a0000)
 tenured generation   total 349568K, used 349567K [0x104a0000, 0x25a00000, 0x25a00000)
   the space 349568K,  99% used [0x104a0000, 0x259ffff8, 0x25a00000, 0x25a00000)
 Metaspace       used 27510K, capacity 28115K, committed 28288K, reserved 29056K
Event: 292518.122 GC heap after
Heap after GC invocations=4175 (full 521):
 def new generation   total 157248K, used 157245K [0x05a00000, 0x104a0000, 0x104a0000)
  eden space 139776K,  99% used [0x05a00000, 0x0e27feb0, 0x0e280000)
  from space 17472K,  99% used [0x0e280000, 0x0f38f760, 0x0f390000)
  to   space 17472K,   0% used [0x0f390000, 0x0f390000, 0x104a0000)
 tenured generation   total 349568K, used 349567K [0x104a0000, 0x25a00000, 0x25a00000)
   the space 349568K,  99% used [0x104a0000, 0x259ffff8, 0x25a00000, 0x25a00000)
 Metaspace       used 27510K, capacity 28115K, committed 28288K, reserved 29056K
}
Event: 292518.122 GC heap before
{Heap before GC invocations=4175 (full 521):
 def new generation   total 157248K, used 157247K [0x05a00000, 0x104a0000, 0x104a0000)
  eden space 139776K,  99% used [0x05a00000, 0x0e27ffc0, 0x0e280000)
  from space 17472K,  99% used [0x0e280000, 0x0f38ffe0, 0x0f390000)
  to   space 17472K,   0% used [0x0f390000, 0x0f390000, 0x104a0000)
 tenured generation   total 349568K, used 349567K [0x104a0000, 0x25a00000, 0x25a00000)
   the space 349568K,  99% used [0x104a0000, 0x259ffff8, 0x25a00000, 0x25a00000)
 Metaspace       used 27510K, capacity 28115K, committed 28288K, reserved 29056K
Event: 292518.562 GC heap after
Heap after GC invocations=4176 (full 522):
 def new generation   total 157248K, used 157245K [0x05a00000, 0x104a0000, 0x104a0000)
  eden space 139776K,  99% used [0x05a00000, 0x0e27feb0, 0x0e280000)
  from space 17472K,  99% used [0x0e280000, 0x0f38f760, 0x0f390000)
  to   space 17472K,   0% used [0x0f390000, 0x0f390000, 0x104a0000)
 tenured generation   total 349568K, used 349567K [0x104a0000, 0x25a00000, 0x25a00000)
   the space 349568K,  99% used [0x104a0000, 0x259ffff8, 0x25a00000, 0x25a00000)
 Metaspace       used 27510K, capacity 28115K, committed 28288K, reserved 29056K
}
Event: 292518.562 GC heap before
{Heap before GC invocations=4176 (full 522):
 def new generation   total 157248K, used 157246K [0x05a00000, 0x104a0000, 0x104a0000)
  eden space 139776K, 100% used [0x05a00000, 0x0e280000, 0x0e280000)
  from space 17472K,  99% used [0x0e280000, 0x0f38fb80, 0x0f390000)
  to   space 17472K,   0% used [0x0f390000, 0x0f390000, 0x104a0000)
 tenured generation   total 349568K, used 349567K [0x104a0000, 0x25a00000, 0x25a00000)
   the space 349568K,  99% used [0x104a0000, 0x259ffff8, 0x25a00000, 0x25a00000)
 Metaspace       used 27510K, capacity 28115K, committed 28288K, reserved 29056K
Event: 292518.989 GC heap after
Heap after GC invocations=4177 (full 523):
 def new generation   total 157248K, used 157238K [0x05a00000, 0x104a0000, 0x104a0000)
  eden space 139776K,  99% used [0x05a00000, 0x0e27fed0, 0x0e280000)
  from space 17472K,  99% used [0x0e280000, 0x0f38da30, 0x0f390000)
  to   space 17472K,   0% used [0x0f390000, 0x0f390000, 0x104a0000)
 tenured generation   total 349568K, used 349567K [0x104a0000, 0x25a00000, 0x25a00000)
   the space 349568K,  99% used [0x104a0000, 0x259ffff8, 0x25a00000, 0x25a00000)
 Metaspace       used 27510K, capacity 28115K, committed 28288K, reserved 29056K
}
Event: 292518.989 GC heap before
{Heap before GC invocations=4177 (full 523):
 def new generation   total 157248K, used 157238K [0x05a00000, 0x104a0000, 0x104a0000)
  eden space 139776K,  99% used [0x05a00000, 0x0e27fed0, 0x0e280000)
  from space 17472K,  99% used [0x0e280000, 0x0f38da30, 0x0f390000)
  to   space 17472K,   0% used [0x0f390000, 0x0f390000, 0x104a0000)
 tenured generation   total 349568K, used 349567K [0x104a0000, 0x25a00000, 0x25a00000)
   the space 349568K,  99% used [0x104a0000, 0x259ffff8, 0x25a00000, 0x25a00000)
 Metaspace       used 27510K, capacity 28115K, committed 28288K, reserved 29056K
Event: 292519.460 GC heap after
Heap after GC invocations=4178 (full 524):
 def new generation   total 157248K, used 157238K [0x05a00000, 0x104a0000, 0x104a0000)
  eden space 139776K,  99% used [0x05a00000, 0x0e27fed0, 0x0e280000)
  from space 17472K,  99% used [0x0e280000, 0x0f38da30, 0x0f390000)
  to   space 17472K,   0% used [0x0f390000, 0x0f390000, 0x104a0000)
 tenured generation   total 349568K, used 349567K [0x104a0000, 0x25a00000, 0x25a00000)
   the space 349568K,  99% used [0x104a0000, 0x259ffff8, 0x25a00000, 0x25a00000)
 Metaspace       used 27510K, capacity 28115K, committed 28288K, reserved 29056K
}

